<?xml version="1.0" encoding="UTF-8"?>
<testng-results ignored="0" total="1" passed="1" failed="0" skipped="0">
  <reporter-output>
  </reporter-output>
  <suite started-at="2023-12-07T10:57:29 IST" name="Default suite" finished-at="2023-12-07T10:57:29 IST" duration-ms="157">
    <groups>
    </groups>
    <test started-at="2023-12-07T10:57:29 IST" name="Default test" finished-at="2023-12-07T10:57:29 IST" duration-ms="157">
      <class name="ZingHR.UserLogin">
        <test-method signature="User_Login()[pri:0, instance:ZingHR.UserLogin@484094a5]" started-at="2023-12-07T10:57:29 IST" name="User_Login" finished-at="2023-12-07T10:57:29 IST" duration-ms="60" status="PASS">
          <reporter-output>
          </reporter-output>
        </test-method> <!-- User_Login -->
      </class> <!-- ZingHR.UserLogin -->
    </test> <!-- Default test -->
  </suite> <!-- Default suite -->
</testng-results>
